SF:lib\core\error\failure.dart
DA:6,5
DA:8,0
DA:9,0
DA:13,0
DA:18,5
DA:25,0
LF:6
LH:2
end_of_record
SF:lib\features\auth\domain\use_case\login_usecase.dart
DA:14,1
DA:19,0
DA:23,0
DA:24,0
DA:31,1
DA:33,1
DA:36,6
DA:37,1
DA:38,2
DA:39,1
DA:40,2
DA:41,4
DA:42,1
DA:44,1
LF:14
LH:11
end_of_record
SF:lib\app\shared_prefs\token_shared_prefs.dart
DA:8,0
DA:10,0
DA:12,0
DA:15,0
DA:19,0
DA:21,0
DA:22,0
DA:24,0
LF:8
LH:0
end_of_record
SF:lib\features\auth\domain\entity\auth_entity.dart
DA:16,1
DA:28,0
DA:39,0
DA:40,0
DA:41,0
DA:42,0
DA:43,0
DA:44,0
DA:45,0
DA:46,0
DA:47,0
DA:48,0
DA:49,0
LF:13
LH:1
end_of_record
SF:lib\features\skill\domain\entity\skill_entity.dart
DA:7,2
DA:12,0
DA:13,0
LF:3
LH:1
end_of_record
SF:lib\features\skill\domain\use_case\get_all_skills_usecase.dart
DA:10,1
DA:13,1
DA:15,2
LF:3
LH:3
end_of_record
SF:lib\features\auth\domain\use_case\register_usecase.dart
DA:19,1
DA:31,0
DA:42,0
DA:44,0
DA:45,0
DA:46,0
DA:47,0
DA:48,0
DA:49,0
DA:50,0
DA:51,0
DA:52,0
DA:58,1
DA:60,1
DA:62,1
DA:63,1
DA:64,1
DA:65,1
DA:66,1
DA:67,1
DA:68,1
DA:69,1
DA:70,1
DA:72,2
LF:24
LH:13
end_of_record
SF:lib\features\auth\domain\use_case\upload_image_usecase.dart
DA:11,1
DA:20,1
DA:22,1
DA:24,3
LF:4
LH:4
end_of_record
SF:lib\features\auth\domain\use_case\verify_otp_usecase.dart
DA:12,0
DA:18,1
DA:22,0
DA:23,0
DA:29,1
DA:31,1
DA:33,4
LF:7
LH:4
end_of_record
SF:lib\app\constants\api_endpoints.dart
DA:2,0
LF:1
LH:0
end_of_record
SF:lib\features\auth\data\data_source\remote_data_source\auth_remote_data_source.dart
DA:12,0
DA:14,0
DA:17,0
DA:20,0
DA:23,0
DA:25,0
DA:30,0
DA:32,0
DA:33,0
DA:35,0
DA:37,0
DA:38,0
DA:40,0
DA:44,0
DA:47,0
DA:49,0
DA:50,0
DA:51,0
DA:52,0
DA:53,0
DA:54,0
DA:55,0
DA:57,0
DA:58,0
DA:62,0
DA:65,0
DA:67,0
DA:68,0
DA:70,0
DA:74,0
DA:77,0
DA:78,0
DA:79,0
DA:80,0
DA:81,0
DA:87,0
DA:92,0
DA:93,0
DA:97,0
DA:99,0
DA:100,0
DA:102,0
DA:106,0
DA:109,0
DA:111,0
DA:117,0
DA:120,0
DA:122,0
DA:123,0
DA:125,0
LF:50
LH:0
end_of_record
SF:lib\features\auth\data\repository\remote_repository\auth_remote_repository.dart
DA:13,0
DA:15,0
DA:18,0
DA:21,0
DA:24,0
DA:26,0
DA:27,0
DA:28,0
DA:30,0
DA:34,0
DA:37,0
DA:40,0
DA:44,0
DA:47,0
DA:48,0
DA:50,0
DA:54,0
DA:57,0
DA:58,0
DA:60,0
LF:20
LH:0
end_of_record
